[18:54:38] [ServerMain/INFO]: [bootstrap] Running Java 21 (Java HotSpot(TM) 64-Bit Server VM 21.0.7+8-LTS-245; Oracle Corporation null) on Windows 11 10.0 (amd64)
[18:54:38] [ServerMain/INFO]: [bootstrap] Loading Paper 1.21.5-110-main@320f25c (2025-06-07T21:31:57Z) for Minecraft 1.21.5
[18:54:39] [ServerMain/INFO]: [PluginInitializerManager] Initializing plugins...
[18:54:39] [Paper Plugin Remapper Thread - 2/INFO]: [PluginRemapper] Remapping plugin 'C:\Users\asanc\Desktop\Plugin BingoPatata\BingoPatataPlugin\build\libs\BingoPatataPlugin-1.0.0.jar'...
[18:54:39] [Paper Plugin Remapper Thread - 2/INFO]: [PluginRemapper] Done remapping plugin 'C:\Users\asanc\Desktop\Plugin BingoPatata\BingoPatataPlugin\build\libs\BingoPatataPlugin-1.0.0.jar' in 285ms.
[18:54:39] [ServerMain/INFO]: [PluginInitializerManager] Initialized 1 plugin
[18:54:39] [ServerMain/INFO]: [PluginInitializerManager] Bukkit plugins (1):
 - BingoPatataPlugin (1.0.0)
[18:54:44] [ServerMain/INFO]: Environment: Environment[sessionHost=https://sessionserver.mojang.com, servicesHost=https://api.minecraftservices.com, name=PROD]
[18:54:46] [ServerMain/INFO]: Loaded 1373 recipes
[18:54:46] [ServerMain/INFO]: Loaded 1484 advancements
[18:54:46] [Server thread/INFO]: Starting minecraft server version 1.21.5
[18:54:46] [Server thread/INFO]: Loading properties
[18:54:46] [Server thread/INFO]: This server is running Paper version 1.21.5-110-main@320f25c (2025-06-07T21:31:57Z) (Implementing API version 1.21.5-R0.1-SNAPSHOT)
[18:54:46] [Server thread/INFO]: [spark] This server bundles the spark profiler. For more information please visit https://docs.papermc.io/paper/profiling
[18:54:46] [Server thread/INFO]: Server Ping Player Sample Count: 12
[18:54:46] [Server thread/INFO]: Using 4 threads for Netty based IO
[18:54:47] [Server thread/INFO]: [MoonriseCommon] Paper is using 4 worker threads, 1 I/O threads
[18:54:47] [Server thread/INFO]: [ChunkTaskScheduler] Chunk system is using population gen parallelism: true
[18:54:47] [Server thread/INFO]: Default game type: SURVIVAL
[18:54:47] [Server thread/INFO]: Generating keypair
[18:54:47] [Server thread/INFO]: Starting Minecraft server on *:25565
[18:54:47] [Server thread/INFO]: Using default channel type
[18:54:47] [Server thread/INFO]: Paper: Using Java compression from Velocity.
[18:54:47] [Server thread/INFO]: Paper: Using Java cipher from Velocity.
[18:54:47] [Server thread/INFO]: [BingoPatataPlugin] Loading server plugin BingoPatataPlugin v1.0.0
[18:54:47] [Server thread/INFO]: Server permissions file permissions.yml is empty, ignoring it
[18:54:47] [Server thread/INFO]: Preparing level "world"
[18:54:48] [Server thread/INFO]: Preparing start region for dimension minecraft:overworld
[18:54:48] [Server thread/INFO]: Preparing spawn area: 0%
[18:54:49] [Server thread/INFO]: Preparing spawn area: 0%
[18:54:49] [Server thread/INFO]: Time elapsed: 817 ms
[18:54:49] [Server thread/INFO]: Preparing start region for dimension minecraft:the_nether
[18:54:49] [Server thread/INFO]: Preparing spawn area: 0%
[18:54:49] [Server thread/INFO]: Time elapsed: 138 ms
[18:54:49] [Server thread/INFO]: Preparing start region for dimension minecraft:the_end
[18:54:49] [Server thread/INFO]: Preparing spawn area: 0%
[18:54:49] [Server thread/INFO]: Time elapsed: 108 ms
[18:54:49] [Server thread/INFO]: [BingoPatataPlugin] Enabling BingoPatataPlugin v1.0.0
[18:54:49] [Server thread/INFO]: [BingoPatataPlugin] BingoPatataPlugin has been enabled!
[18:54:49] [Server thread/INFO]: [spark] Starting background profiler...
[18:54:49] [Server thread/INFO]: [spark] The async-profiler engine is not supported for your os/arch (windows11/amd64), so the built-in Java engine will be used instead.
[18:54:49] [Server thread/INFO]: Done preparing level "world" (1.823s)
[18:54:49] [Server thread/INFO]: Running delayed init tasks
[18:54:49] [Server thread/INFO]: Done (12.065s)! For help, type "help"
[18:56:15] [User Authenticator #0/INFO]: UUID of player Meliory is 73b6b85a-8732-4180-94e0-4d3bc87ee53e
[18:56:16] [Server thread/INFO]: Meliory joined the game
[18:56:16] [Server thread/INFO]: Meliory[/127.0.0.1:50836] logged in with entity id 33 at ([world]-103.69999998807907, 109.0, -77.67433969170428)
[18:56:31] [Server thread/INFO]: Meliory issued server command: /bingopatata team list
[18:56:47] [Server thread/INFO]: Meliory issued server command: /bingopatata team create Rojos red
[18:56:50] [Server thread/INFO]: Meliory issued server command: /bingopatata team list
[18:57:02] [Server thread/INFO]: Meliory issued server command: /bingopatata team create Azules blue
[18:57:11] [Server thread/INFO]: Meliory issued server command: /bingopatata team add Meliory Azules
[18:57:14] [Server thread/INFO]: Meliory issued server command: /bingopatata team list
[18:57:58] [Server thread/INFO]: Meliory lost connection: Disconnected
[18:57:58] [Server thread/INFO]: Meliory left the game
